10-20 02:12:09 com_github_MitjaNemec_PlaceFootprints.action_place_footprints 647:Plugin executed on: 'darwin'
10-20 02:12:09 com_github_MitjaNemec_PlaceFootprints.action_place_footprints 648:Plugin executed with python version: '3.9.13 (v3.9.13:6de2ca5339, May 17 2022, 11:37:23) \n[Clang 13.0.0 (clang-1300.0.29.30)]'
10-20 02:12:09 com_github_MitjaNemec_PlaceFootprints.action_place_footprints 649:KiCad build version: 7.0.11
10-20 02:12:09 com_github_MitjaNemec_PlaceFootprints.action_place_footprints 650:Plugin version: 2.1.3
10-20 02:12:09 com_github_MitjaNemec_PlaceFootprints.action_place_footprints 651:Frame repr: <wx._core.Frame object at 0x11f8fd550>
10-20 02:12:09 com_github_MitjaNemec_PlaceFootprints.place_footprints 121:getting a list of all footprints on board
10-20 02:12:09 com_github_MitjaNemec_PlaceFootprints.place_footprints 156:Footprint R109 on root level
10-20 02:12:09 com_github_MitjaNemec_PlaceFootprints.place_footprints 156:Footprint R106 on root level
10-20 02:12:09 com_github_MitjaNemec_PlaceFootprints.place_footprints 156:Footprint R105 on root level
10-20 02:12:09 com_github_MitjaNemec_PlaceFootprints.place_footprints 156:Footprint R103 on root level
10-20 02:12:09 com_github_MitjaNemec_PlaceFootprints.place_footprints 156:Footprint R101 on root level
10-20 02:12:09 com_github_MitjaNemec_PlaceFootprints.place_footprints 156:Footprint J103 on root level
10-20 02:12:09 com_github_MitjaNemec_PlaceFootprints.place_footprints 156:Footprint J102 on root level
10-20 02:12:09 com_github_MitjaNemec_PlaceFootprints.place_footprints 156:Footprint J101 on root level
10-20 02:12:09 com_github_MitjaNemec_PlaceFootprints.place_footprints 156:Footprint C114 on root level
10-20 02:12:09 com_github_MitjaNemec_PlaceFootprints.place_footprints 156:Footprint C113 on root level
10-20 02:12:09 com_github_MitjaNemec_PlaceFootprints.place_footprints 156:Footprint C112 on root level
10-20 02:12:09 com_github_MitjaNemec_PlaceFootprints.place_footprints 156:Footprint C111 on root level
10-20 02:12:09 com_github_MitjaNemec_PlaceFootprints.place_footprints 156:Footprint C110 on root level
10-20 02:12:09 com_github_MitjaNemec_PlaceFootprints.place_footprints 156:Footprint C106 on root level
10-20 02:12:09 com_github_MitjaNemec_PlaceFootprints.place_footprints 156:Footprint C105 on root level
10-20 02:12:09 com_github_MitjaNemec_PlaceFootprints.place_footprints 156:Footprint C104 on root level
10-20 02:12:09 com_github_MitjaNemec_PlaceFootprints.place_footprints 156:Footprint C103 on root level
10-20 02:12:09 com_github_MitjaNemec_PlaceFootprints.place_footprints 156:Footprint C102 on root level
10-20 02:12:09 com_github_MitjaNemec_PlaceFootprints.place_footprints 156:Footprint C101 on root level
10-20 02:12:09 com_github_MitjaNemec_PlaceFootprints.place_footprints 156:Footprint AR101 on root level
10-20 02:12:10 com_github_MitjaNemec_PlaceFootprints.action_place_footprints 86:By Sheet GUI initialized
10-20 02:12:10 com_github_MitjaNemec_PlaceFootprints.action_place_footprints 95:Selecting: 0
10-20 02:12:10 com_github_MitjaNemec_PlaceFootprints.action_place_footprints 99:Should invoke level_changed()
10-20 02:12:10 com_github_MitjaNemec_PlaceFootprints.action_place_footprints 277:Level_changed() invoked
